<?xml version="1.0" encoding="UTF-8"?>
<testsuite xmlns:xsi="http://www.w3.org/2001/XMLSchema-instance" xsi:noNamespaceSchemaLocation="https://maven.apache.org/surefire/maven-surefire-plugin/xsd/surefire-test-report.xsd" version="3.0.2" name="com.adaptpqc.session.SessionStateTest" time="0.016" tests="4" errors="0" skipped="0" failures="0">
  <properties>
[...]
</properties>
  <testcase name="riskScoreShouldBeBetweenZeroAndOne" classname="com.adaptpqc.session.SessionStateTest" time="0.006"/>
  <testcase name="newSessionShouldStartInNormalState" classname="com.adaptpqc.session.SessionStateTest" time="0.002"/>
  <testcase name="messageCountShouldIncrease" classname="com.adaptpqc.session.SessionStateTest" time="0.001"/>
  <testcase name="keyGenerationShouldIncrease" classname="com.adaptpqc.session.SessionStateTest" time="0.001"/>
</testsuite>